1629641682078	geckodriver	INFO	Listening on 127.0.0.1:49683
1629641685113	mozrunner::runner	INFO	Running command: "C:\\Program Files\\Mozilla Firefox\\firefox.exe" "--marionette" "-foreground" "-no-remote" "-profile" "C:\\Users\\rpic\\AppData\\Local\\Temp\\rust_mozprofile4fl7ae"
1629641686284	Marionette	INFO	Marionette enabled
console.warn: SearchSettings: "get: No settings file exists, new profile?" (new NotFoundError("Could not open the file at C:\\Users\\rpic\\AppData\\Local\\Temp\\rust_mozprofile4fl7ae\\search.json.mozlz4", (void 0)))
1629641694405	Marionette	INFO	Listening on port 49696
1629641694614	RemoteAgent	WARN	TLS certificate errors will be ignored for this session
1629641703509	Marionette	INFO	Stopped listening on port 49696
JavaScript error: resource:///modules/Interactions.jsm, line 209: NS_ERROR_FAILURE: Component returned failure code: 0x80004005 (NS_ERROR_FAILURE) [nsIUserIdleService.removeIdleObserver]
1629642588555	geckodriver	INFO	Listening on 127.0.0.1:50098
1629642591600	mozrunner::runner	INFO	Running command: "C:\\Program Files\\Mozilla Firefox\\firefox.exe" "--marionette" "-foreground" "-no-remote" "-profile" "C:\\Users\\rpic\\AppData\\Local\\Temp\\rust_mozprofile1AetUQ"
1629642594149	Marionette	INFO	Marionette enabled
console.warn: SearchSettings: "get: No settings file exists, new profile?" (new NotFoundError("Could not open the file at C:\\Users\\rpic\\AppData\\Local\\Temp\\rust_mozprofile1AetUQ\\search.json.mozlz4", (void 0)))
1629642602422	Marionette	INFO	Listening on port 50106
1629642602624	RemoteAgent	WARN	TLS certificate errors will be ignored for this session
JavaScript warning: https://open.scdn.co/cdn/build/web-player/vendor~web-player.498d0a1e.js, line 1: unreachable code after return statement
JavaScript warning: https://open.scdn.co/cdn/build/web-player/vendor~web-player.498d0a1e.js, line 1: unreachable code after return statement
1629642616900	Marionette	INFO	Stopped listening on port 50106
JavaScript error: resource:///modules/Interactions.jsm, line 209: NS_ERROR_FAILURE: Component returned failure code: 0x80004005 (NS_ERROR_FAILURE) [nsIUserIdleService.removeIdleObserver]
JavaScript error: chrome://remote/content/marionette/cert.js, line 55: NS_ERROR_NOT_AVAILABLE: Component returned failure code: 0x80040111 (NS_ERROR_NOT_AVAILABLE) [nsICertOverrideService.setDisableAllSecurityChecksAndLetAttackersInterceptMyData]
1629642695546	geckodriver	INFO	Listening on 127.0.0.1:50196
1629642698467	mozrunner::runner	INFO	Running command: "C:\\Program Files\\Mozilla Firefox\\firefox.exe" "--marionette" "-foreground" "-no-remote" "-profile" "C:\\Users\\rpic\\AppData\\Local\\Temp\\rust_mozprofilegYcL7B"
1629642699408	Marionette	INFO	Marionette enabled
console.warn: SearchSettings: "get: No settings file exists, new profile?" (new NotFoundError("Could not open the file at C:\\Users\\rpic\\AppData\\Local\\Temp\\rust_mozprofilegYcL7B\\search.json.mozlz4", (void 0)))
1629642705968	Marionette	INFO	Listening on port 50204
1629642706487	RemoteAgent	WARN	TLS certificate errors will be ignored for this session
1629642721726	Marionette	INFO	Stopped listening on port 50204
JavaScript error: resource:///modules/Interactions.jsm, line 209: NS_ERROR_FAILURE: Component returned failure code: 0x80004005 (NS_ERROR_FAILURE) [nsIUserIdleService.removeIdleObserver]

###!!! [Child][RunMessage] Error: Channel closing: too late to send/recv, messages will be lost

1629642771720	geckodriver	INFO	Listening on 127.0.0.1:50300
1629642774728	mozrunner::runner	INFO	Running command: "C:\\Program Files\\Mozilla Firefox\\firefox.exe" "--marionette" "-foreground" "-no-remote" "-profile" "C:\\Users\\rpic\\AppData\\Local\\Temp\\rust_mozprofileNoQlst"
1629642775707	Marionette	INFO	Marionette enabled
console.warn: SearchSettings: "get: No settings file exists, new profile?" (new NotFoundError("Could not open the file at C:\\Users\\rpic\\AppData\\Local\\Temp\\rust_mozprofileNoQlst\\search.json.mozlz4", (void 0)))
1629642782025	Marionette	INFO	Listening on port 50311
1629642782234	RemoteAgent	WARN	TLS certificate errors will be ignored for this session
1629643074584	Marionette	INFO	Stopped listening on port 50311
JavaScript error: resource:///modules/Interactions.jsm, line 209: NS_ERROR_FAILURE: Component returned failure code: 0x80004005 (NS_ERROR_FAILURE) [nsIUserIdleService.removeIdleObserver]
Temp\\rust_mozprofileXbkmV5"
1629642875980	Marionette	INFO	Marionette enabled
console.warn: SearchSettings: "get: No settings file exists, new profile?" (new NotFoundError("Could not open the file at C:\\Users\\rpic\\AppData\\Local\\Temp\\rust_mozprofileXbkmV5\\search.json.mozlz4", (void 0)))
1629642882579	Marionette	INFO	Listening on port 57492
1629642882795	RemoteAgent	WARN	TLS certificate errors will be ignored for this session
JavaScript error: , line 0: NotFoundError: No such JSWindowActor 'MarionetteEvents'
JavaScript error: https://twitter.com/SpotCredits?code=AQAiCN0WxWWXwJO1NR693W0lierA0oVhkhxvnsjYgAwI-1bpvtElf-YQR3iuATGJXdK3xZ-UokwCH7yA2v9mc2sEDj3k7ts1xWn9QgSKf_FJch3_V_CWVy0Zs9LqMhGjOdNNrjFZuqFhKM93M6EcdWaI-kq9Dgb7zN7-pfWqlPtLtHU0XOKl9yVr6ugOWMorujOwJHjgbFztv4zNrPBmv5YCM_pBeccfpQDtdNgmiyel94EZhm3Kfpd-lHPSbLUoebbnsZq8, line 131: ChunkLoadError: Loading chunk 0 failed.
(error: https://abs.twimg.com/responsive-web/client-web/sharedCore.70405995.js)
JavaScript error: https://twitter.com/SpotCredits?code=AQAiCN0WxWWXwJO1NR693W0lierA0oVhkhxvnsjYgAwI-1bpvtElf-YQR3iuATGJXdK3xZ-UokwCH7yA2v9mc2sEDj3k7ts1xWn9QgSKf_FJch3_V_CWVy0Zs9LqMhGjOdNNrjFZuqFhKM93M6EcdWaI-kq9Dgb7zN7-pfWqlPtLtHU0XOKl9yVr6ugOWMorujOwJHjgbFztv4zNrPBmv5YCM_pBeccfpQDtdNgmiyel94EZhm3Kfpd-lHPSbLUoebbnsZq8, line 131: ChunkLoadError: Loading chunk 0 failed.
(error: https://abs.twimg.com/responsive-web/client-web/sharedCore.70405995.js)
JavaScript error: https://twitter.com/SpotCredits?code=AQAiCN0WxWWXwJO1NR693W0lierA0oVhkhxvnsjYgAwI-1bpvtElf-YQR3iuATGJXdK3xZ-UokwCH7yA2v9mc2sEDj3k7ts1xWn9QgSKf_FJch3_V_CWVy0Zs9LqMhGjOdNNrjFZuqFhKM93M6EcdWaI-kq9Dgb7zN7-pfWqlPtLtHU0XOKl9yVr6ugOWMorujOwJHjgbFztv4zNrPBmv5YCM_pBeccfpQDtdNgmiyel94EZhm3Kfpd-lHPSbLUoebbnsZq8, line 131: ChunkLoadError: Loading chunk 0 failed.
(error: https://abs.twimg.com/responsive-web/client-web/sharedCore.70405995.js)
JavaScript error: https://twitter.com/SpotCredits?code=AQAiCN0WxWWXwJO1NR693W0lierA0oVhkhxvnsjYgAwI-1bpvtElf-YQR3iuATGJXdK3xZ-UokwCH7yA2v9mc2sEDj3k7ts1xWn9QgSKf_FJch3_V_CWVy0Zs9LqMhGjOdNNrjFZuqFhKM93M6EcdWaI-kq9Dgb7zN7-pfWqlPtLtHU0XOKl9yVr6ugOWMorujOwJHjgbFztv4zNrPBmv5YCM_pBeccfpQDtdNgmiyel94EZhm3Kfpd-lHPSbLUoebbnsZq8, line 131: ChunkLoadError: Loading chunk 60 failed.
(error: https://abs.twimg.com/responsive-web/client-web/bundle.NetworkInstrument.9f748dc5.js)
JavaScript error: https://twitter.com/SpotCredits?code=AQAiCN0WxWWXwJO1NR693W0lierA0oVhkhxvnsjYgAwI-1bpvtElf-YQR3iuATGJXdK3xZ-UokwCH7yA2v9mc2sEDj3k7ts1xWn9QgSKf_FJch3_V_CWVy0Zs9LqMhGjOdNNrjFZuqFhKM93M6EcdWaI-kq9Dgb7zN7-pfWqlPtLtHU0XOKl9yVr6ugOWMorujOwJHjgbFztv4zNrPBmv5YCM_pBeccfpQDtdNgmiyel94EZhm3Kfpd-lHPSbLUoebbnsZq8, line 131: ChunkLoadError: Loading chunk 0 failed.
(error: https://abs.twimg.com/responsive-web/client-web/sharedCore.70405995.js)
JavaScript error: resource:///modules/FaviconLoader.jsm, line 596: InvalidStateError: JSWindowActorChild.sendAsyncMessage: JSWindowActorChild cannot send at the moment
JavaScript error: resource:///modules/FaviconLoader.jsm, line 596: InvalidStateError: JSWindowActorChild.sendAsyncMessage: JSWindowActorChild cannot send at the moment
1629643075254	Marionette	INFO	Stopped listening on port 57492
JavaScript error: resource:///modules/Interactions.jsm, line 209: NS_ERROR_FAILURE: Component returned failure code: 0x80004005 (NS_ERROR_FAILURE) [nsIUserIdleService.removeIdleObserver]
Temp\\rust_mozprofile4YtxH8"
1629643073708	Marionette	INFO	Marionette enabled
console.warn: SearchSettings: "get: No settings file exists, new profile?" (new NotFoundError("Could not open the file at C:\\Users\\rpic\\AppData\\Local\\Temp\\rust_mozprofile4YtxH8\\search.json.mozlz4", (void 0)))
1629643081623	Marionette	INFO	Listening on port 63235
1629643082108	RemoteAgent	WARN	TLS certificate errors will be ignored for this session
1629643097488	Marionette	INFO	Stopped listening on port 63235
JavaScript error: resource:///modules/Interactions.jsm, line 209: NS_ERROR_FAILURE: Component returned failure code: 0x80004005 (NS_ERROR_FAILURE) [nsIUserIdleService.removeIdleObserver]
1629643144202	geckodriver	INFO	Listening on 127.0.0.1:63310
1629643147234	mozrunner::runner	INFO	Running command: "C:\\Program Files\\Mozilla Firefox\\firefox.exe" "--marionette" "-foreground" "-no-remote" "-profile" "C:\\Users\\rpic\\AppData\\Local\\Temp\\rust_mozprofilef0rd3k"
1629643148285	Marionette	INFO	Marionette enabled
console.warn: SearchSettings: "get: No settings file exists, new profile?" (new NotFoundError("Could not open the file at C:\\Users\\rpic\\AppData\\Local\\Temp\\rust_mozprofilef0rd3k\\search.json.mozlz4", (void 0)))
1629643154855	Marionette	INFO	Listening on port 63320
1629643155272	RemoteAgent	WARN	TLS certificate errors will be ignored for this session
1629643158914	Marionette	INFO	Stopped listening on port 63320
JavaScript error: resource:///modules/FaviconLoader.jsm, line 596: InvalidStateError: JSWindowActorChild.sendAsyncMessage: JSWindowActorChild cannot send at the moment
JavaScript error: resource:///modules/FaviconLoader.jsm, line 596: InvalidStateError: JSWindowActorChild.sendAsyncMessage: JSWindowActorChild cannot send at the moment
JavaScript error: resource:///modules/Interactions.jsm, line 209: NS_ERROR_FAILURE: Component returned failure code: 0x80004005 (NS_ERROR_FAILURE) [nsIUserIdleService.removeIdleObserver]
1629643290464	geckodriver	INFO	Listening on 127.0.0.1:56949
1629643293488	mozrunner::runner	INFO	Running command: "C:\\Program Files\\Mozilla Firefox\\firefox.exe" "--marionette" "-foreground" "-no-remote" "-profile" "C:\\Users\\rpic\\AppData\\Local\\Temp\\rust_mozprofileICy1rA"
1629643294455	Marionette	INFO	Marionette enabled
console.warn: SearchSettings: "get: No settings file exists, new profile?" (new NotFoundError("Could not open the file at C:\\Users\\rpic\\AppData\\Local\\Temp\\rust_mozprofileICy1rA\\search.json.mozlz4", (void 0)))
1629643300508	Marionette	INFO	Listening on port 56959
1629643300659	RemoteAgent	WARN	TLS certificate errors will be ignored for this session
1629643304296	Marionette	INFO	Stopped listening on port 56959
JavaScript error: resource:///modules/FaviconLoader.jsm, line 596: InvalidStateError: JSWindowActorChild.sendAsyncMessage: JSWindowActorChild cannot send at the moment
JavaScript error: resource:///modules/FaviconLoader.jsm, line 596: InvalidStateError: JSWindowActorChild.sendAsyncMessage: JSWindowActorChild cannot send at the moment
JavaScript error: resource:///modules/Interactions.jsm, line 209: NS_ERROR_FAILURE: Component returned failure code: 0x80004005 (NS_ERROR_FAILURE) [nsIUserIdleService.removeIdleObserver]
1629643386994	geckodriver	INFO	Listening on 127.0.0.1:59792
1629643390025	mozrunner::runner	INFO	Running command: "C:\\Program Files\\Mozilla Firefox\\firefox.exe" "--marionette" "-foreground" "-no-remote" "-profile" "C:\\Users\\rpic\\AppData\\Local\\Temp\\rust_mozprofileQzKnd6"
1629643391011	Marionette	INFO	Marionette enabled
console.warn: SearchSettings: "get: No settings file exists, new profile?" (new NotFoundError("Could not open the file at C:\\Users\\rpic\\AppData\\Local\\Temp\\rust_mozprofileQzKnd6\\search.json.mozlz4", (void 0)))
1629643397192	Marionette	INFO	Listening on port 59802
1629643397520	RemoteAgent	WARN	TLS certificate errors will be ignored for this session
1629643412325	Marionette	INFO	Stopped listening on port 59802
JavaScript error: resource:///modules/Interactions.jsm, line 209: NS_ERROR_FAILURE: Component returned failure code: 0x80004005 (NS_ERROR_FAILURE) [nsIUserIdleService.removeIdleObserver]

###!!! [Parent][MessageChannel] Error: (msgtype=0x390076,name=PContent::Msg_DestroyBrowsingContextGroup) Closed channel: cannot send/recv

1629643604421	geckodriver	INFO	Listening on 127.0.0.1:63924
1629643607461	mozrunner::runner	INFO	Running command: "C:\\Program Files\\Mozilla Firefox\\firefox.exe" "--marionette" "-foreground" "-no-remote" "-profile" "C:\\Users\\rpic\\AppData\\Local\\Temp\\rust_mozprofileTsHJZT"
1629643608472	Marionette	INFO	Marionette enabled
console.warn: SearchSettings: "get: No settings file exists, new profile?" (new NotFoundError("Could not open the file at C:\\Users\\rpic\\AppData\\Local\\Temp\\rust_mozprofileTsHJZT\\search.json.mozlz4", (void 0)))
1629643614769	Marionette	INFO	Listening on port 63934
1629643614971	RemoteAgent	WARN	TLS certificate errors will be ignored for this session
1629643630193	Marionette	INFO	Stopped listening on port 63934
JavaScript error: resource:///modules/Interactions.jsm, line 209: NS_ERROR_FAILURE: Component returned failure code: 0x80004005 (NS_ERROR_FAILURE) [nsIUserIdleService.removeIdleObserver]
1629643679504	geckodriver	INFO	Listening on 127.0.0.1:58987
1629643682553	mozrunner::runner	INFO	Running command: "C:\\Program Files\\Mozilla Firefox\\firefox.exe" "--marionette" "-foreground" "-no-remote" "-profile" "C:\\Users\\rpic\\AppData\\Local\\Temp\\rust_mozprofile8OWqDF"
1629643684915	Marionette	INFO	Marionette enabled
console.warn: SearchSettings: "get: No settings file exists, new profile?" (new NotFoundError("Could not open the file at C:\\Users\\rpic\\AppData\\Local\\Temp\\rust_mozprofile8OWqDF\\search.json.mozlz4", (void 0)))
1629643692744	Marionette	INFO	Listening on port 58997
1629643693246	RemoteAgent	WARN	TLS certificate errors will be ignored for this session
1629643709247	Marionette	INFO	Stopped listening on port 58997
JavaScript error: resource:///modules/Interactions.jsm, line 209: NS_ERROR_FAILURE: Component returned failure code: 0x80004005 (NS_ERROR_FAILURE) [nsIUserIdleService.removeIdleObserver]
1629643717746	geckodriver	INFO	Listening on 127.0.0.1:62510
1629643720779	mozrunner::runner	INFO	Running command: "C:\\Program Files\\Mozilla Firefox\\firefox.exe" "--marionette" "-foreground" "-no-remote" "-profile" "C:\\Users\\rpic\\AppData\\Local\\Temp\\rust_mozprofileq13IeR"
1629643721798	Marionette	INFO	Marionette enabled
console.warn: SearchSettings: "get: No settings file exists, new profile?" (new NotFoundError("Could not open the file at C:\\Users\\rpic\\AppData\\Local\\Temp\\rust_mozprofileq13IeR\\search.json.mozlz4", (void 0)))
1629643728255	Marionette	INFO	Listening on port 62520
1629643728850	RemoteAgent	WARN	TLS certificate errors will be ignored for this session
1629643744897	Marionette	INFO	Stopped listening on port 62520
JavaScript error: resource:///modules/Interactions.jsm, line 209: NS_ERROR_FAILURE: Component returned failure code: 0x80004005 (NS_ERROR_FAILURE) [nsIUserIdleService.removeIdleObserver]
1629644023791	geckodriver	INFO	Listening on 127.0.0.1:60360
1629644026818	mozrunner::runner	INFO	Running command: "C:\\Program Files\\Mozilla Firefox\\firefox.exe" "--marionette" "-foreground" "-no-remote" "-profile" "C:\\Users\\rpic\\AppData\\Local\\Temp\\rust_mozprofilew1ldf3"
1629644027752	Marionette	INFO	Marionette enabled
console.warn: SearchSettings: "get: No settings file exists, new profile?" (new NotFoundError("Could not open the file at C:\\Users\\rpic\\AppData\\Local\\Temp\\rust_mozprofilew1ldf3\\search.json.mozlz4", (void 0)))
1629644033991	Marionette	INFO	Listening on port 60373
1629644034293	RemoteAgent	WARN	TLS certificate errors will be ignored for this session
1629644048912	Marionette	INFO	Stopped listening on port 60373
JavaScript error: resource:///modules/Interactions.jsm, line 209: NS_ERROR_FAILURE: Component returned failure code: 0x80004005 (NS_ERROR_FAILURE) [nsIUserIdleService.removeIdleObserver]
1629644133413	geckodriver	INFO	Listening on 127.0.0.1:50072
1629644136440	mozrunner::runner	INFO	Running command: "C:\\Program Files\\Mozilla Firefox\\firefox.exe" "--marionette" "-foreground" "-no-remote" "-profile" "C:\\Users\\rpic\\AppData\\Local\\Temp\\rust_mozprofile7cfF3f"
1629644137420	Marionette	INFO	Marionette enabled
console.warn: SearchSettings: "get: No settings file exists, new profile?" (new NotFoundError("Could not open the file at C:\\Users\\rpic\\AppData\\Local\\Temp\\rust_mozprofile7cfF3f\\search.json.mozlz4", (void 0)))
1629644143739	Marionette	INFO	Listening on port 50089
1629644143952	RemoteAgent	WARN	TLS certificate errors will be ignored for this session
1629644158879	Marionette	INFO	Stopped listening on port 50089
JavaScript error: resource:///modules/Interactions.jsm, line 209: NS_ERROR_FAILURE: Component returned failure code: 0x80004005 (NS_ERROR_FAILURE) [nsIUserIdleService.removeIdleObserver]
1629644236736	geckodriver	INFO	Listening on 127.0.0.1:57468
1629644239777	mozrunner::runner	INFO	Running command: "C:\\Program Files\\Mozilla Firefox\\firefox.exe" "--marionette" "-foreground" "-no-remote" "-profile" "C:\\Users\\rpic\\AppData\\Local\\Temp\\rust_mozprofileMSXwjz"
1629644241087	Marionette	INFO	Marionette enabled
console.warn: SearchSettings: "get: No settings file exists, new profile?" (new NotFoundError("Could not open the file at C:\\Users\\rpic\\AppData\\Local\\Temp\\rust_mozprofileMSXwjz\\search.json.mozlz4", (void 0)))
1629644248005	Marionette	INFO	Listening on port 57478
1629644248067	RemoteAgent	WARN	TLS certificate errors will be ignored for this session
1629644262895	Marionette	INFO	Stopped listening on port 57478
JavaScript error: resource:///modules/Interactions.jsm, line 209: NS_ERROR_FAILURE: Component returned failure code: 0x80004005 (NS_ERROR_FAILURE) [nsIUserIdleService.removeIdleObserver]
1629644503448	geckodriver	INFO	Listening on 127.0.0.1:57599
1629644506482	mozrunner::runner	INFO	Running command: "C:\\Program Files\\Mozilla Firefox\\firefox.exe" "--marionette" "-foreground" "-no-remote" "-profile" "C:\\Users\\rpic\\AppData\\Local\\Temp\\rust_mozprofileUz5rPn"
1629644507525	Marionette	INFO	Marionette enabled
console.warn: SearchSettings: "get: No settings file exists, new profile?" (new NotFoundError("Could not open the file at C:\\Users\\rpic\\AppData\\Local\\Temp\\rust_mozprofileUz5rPn\\search.json.mozlz4", (void 0)))
1629644516007	Marionette	INFO	Listening on port 57609
1629644516221	RemoteAgent	WARN	TLS certificate errors will be ignored for this session
1629644533534	Marionette	INFO	Stopped listening on port 57609
JavaScript error: resource:///modules/Interactions.jsm, line 209: NS_ERROR_FAILURE: Component returned failure code: 0x80004005 (NS_ERROR_FAILURE) [nsIUserIdleService.removeIdleObserver]
1629644731302	geckodriver	INFO	Listening on 127.0.0.1:57757
1629644734346	mozrunner::runner	INFO	Running command: "C:\\Program Files\\Mozilla Firefox\\firefox.exe" "--marionette" "-foreground" "-no-remote" "-profile" "C:\\Users\\rpic\\AppData\\Local\\Temp\\rust_mozprofile9WwOCT"
1629644735578	Marionette	INFO	Marionette enabled
console.warn: SearchSettings: "get: No settings file exists, new profile?" (new NotFoundError("Could not open the file at C:\\Users\\rpic\\AppData\\Local\\Temp\\rust_mozprofile9WwOCT\\search.json.mozlz4", (void 0)))
1629644742079	Marionette	INFO	Listening on port 57767
1629644742399	RemoteAgent	WARN	TLS certificate errors will be ignored for this session
1629644757414	Marionette	INFO	Stopped listening on port 57767
JavaScript error: resource:///modules/Interactions.jsm, line 209: NS_ERROR_FAILURE: Component returned failure code: 0x80004005 (NS_ERROR_FAILURE) [nsIUserIdleService.removeIdleObserver]
1629644873796	geckodriver	INFO	Listening on 127.0.0.1:49353
1629644876771	mozrunner::runner	INFO	Running command: "C:\\Program Files\\Mozilla Firefox\\firefox.exe" "--marionette" "-foreground" "-no-remote" "-profile" "C:\\Users\\rpic\\AppData\\Local\\Temp\\rust_mozprofileEYkcDB"
1629644877756	Marionette	INFO	Marionette enabled
console.warn: SearchSettings: "get: No settings file exists, new profile?" (new NotFoundError("Could not open the file at C:\\Users\\rpic\\AppData\\Local\\Temp\\rust_mozprofileEYkcDB\\search.json.mozlz4", (void 0)))
1629644887437	Marionette	INFO	Listening on port 49364
1629644887548	RemoteAgent	WARN	TLS certificate errors will be ignored for this session
1629644903618	Marionette	INFO	Stopped listening on port 49364
JavaScript error: resource:///modules/Interactions.jsm, line 209: NS_ERROR_FAILURE: Component returned failure code: 0x80004005 (NS_ERROR_FAILURE) [nsIUserIdleService.removeIdleObserver]

###!!! [Parent][MessageChannel] Error: (msgtype=0x390076,name=PContent::Msg_DestroyBrowsingContextGroup) Closed channel: cannot send/recv


###!!! [Child][MessageChannel] Error: (msgtype=0x390140,name=PContent::Msg_ScriptError) Channel closing: too late to send/recv, messages will be lost


###!!! [Child][RunMessage] Error: Channel closing: too late to send/recv, messages will be lost


###!!! [Child][RunMessage] Error: Channel closing: too late to send/recv, messages will be lost


###!!! [Child][RunMessage] Error: Channel closing: too late to send/recv, messages will be lost

1629644980750	geckodriver	INFO	Listening on 127.0.0.1:60723
1629644983764	mozrunner::runner	INFO	Running command: "C:\\Program Files\\Mozilla Firefox\\firefox.exe" "--marionette" "-foreground" "-no-remote" "-profile" "C:\\Users\\rpic\\AppData\\Local\\Temp\\rust_mozprofile4nnRLx"
1629644984862	Marionette	INFO	Marionette enabled
console.warn: SearchSettings: "get: No settings file exists, new profile?" (new NotFoundError("Could not open the file at C:\\Users\\rpic\\AppData\\Local\\Temp\\rust_mozprofile4nnRLx\\search.json.mozlz4", (void 0)))
1629644996523	Marionette	INFO	Listening on port 60733
1629644997155	RemoteAgent	WARN	TLS certificate errors will be ignored for this session
1629645013533	Marionette	INFO	Stopped listening on port 60733
JavaScript error: resource:///modules/Interactions.jsm, line 209: NS_ERROR_FAILURE: Component returned failure code: 0x80004005 (NS_ERROR_FAILURE) [nsIUserIdleService.removeIdleObserver]
[Parent 11476, IPC I/O Parent] WARNING: file /builds/worker/checkouts/gecko/ipc/chromium/src/base/process_util_win.cc:167
1629645655902	geckodriver	INFO	Listening on 127.0.0.1:56626
1629645658967	mozrunner::runner	INFO	Running command: "C:\\Program Files\\Mozilla Firefox\\firefox.exe" "--marionette" "-foreground" "-no-remote" "-profile" "C:\\Users\\rpic\\AppData\\Local\\Temp\\rust_mozprofileZYeI9o"
1629645660676	Marionette	INFO	Marionette enabled
console.warn: SearchSettings: "get: No settings file exists, new profile?" (new NotFoundError("Could not open the file at C:\\Users\\rpic\\AppData\\Local\\Temp\\rust_mozprofileZYeI9o\\search.json.mozlz4", (void 0)))
1629645669067	Marionette	INFO	Listening on port 49696
1629645669347	RemoteAgent	WARN	TLS certificate errors will be ignored for this session
1629645684187	Marionette	INFO	Stopped listening on port 49696
JavaScript error: resource:///modules/Interactions.jsm, line 209: NS_ERROR_FAILURE: Component returned failure code: 0x80004005 (NS_ERROR_FAILURE) [nsIUserIdleService.removeIdleObserver]

###!!! [Parent][MessageChannel] Error: (msgtype=0x390076,name=PContent::Msg_DestroyBrowsingContextGroup) Closed channel: cannot send/recv


###!!! [Child][MessageChannel] Error: (msgtype=0x690023,name=PNecko::Msg_RemoveRequestContext) Channel closing: too late to send/recv, messages will be lost


###!!! [Child][RunMessage] Error: Channel closing: too late to send/recv, messages will be lost


###!!! [Child][RunMessage] Error: Channel closing: too late to send/recv, messages will be lost

1629645825501	geckodriver	INFO	Listening on 127.0.0.1:59451
1629645828536	mozrunner::runner	INFO	Running command: "C:\\Program Files\\Mozilla Firefox\\firefox.exe" "--marionette" "-foreground" "-no-remote" "-profile" "C:\\Users\\rpic\\AppData\\Local\\Temp\\rust_mozprofile5ugx4Y"
1629645829980	Marionette	INFO	Marionette enabled
console.warn: SearchSettings: "get: No settings file exists, new profile?" (new NotFoundError("Could not open the file at C:\\Users\\rpic\\AppData\\Local\\Temp\\rust_mozprofile5ugx4Y\\search.json.mozlz4", (void 0)))
1629645836310	Marionette	INFO	Listening on port 59462
1629645836630	RemoteAgent	WARN	TLS certificate errors will be ignored for this session
1629645853220	Marionette	INFO	Stopped listening on port 59462
console.error: PushServiceWebSocket: 
  _beginWSSetup: Not in shutdown state! Current state
  2
JavaScript error: resource:///modules/Interactions.jsm, line 209: NS_ERROR_FAILURE: Component returned failure code: 0x80004005 (NS_ERROR_FAILURE) [nsIUserIdleService.removeIdleObserver]
1629645861085	geckodriver	INFO	Listening on 127.0.0.1:49213
1629645864084	mozrunner::runner	INFO	Running command: "C:\\Program Files\\Mozilla Firefox\\firefox.exe" "--marionette" "-foreground" "-no-remote" "-profile" "C:\\Users\\rpic\\AppData\\Local\\Temp\\rust_mozprofilehksdM0"
1629645865677	Marionette	INFO	Marionette enabled
console.warn: SearchSettings: "get: No settings file exists, new profile?" (new NotFoundError("Could not open the file at C:\\Users\\rpic\\AppData\\Local\\Temp\\rust_mozprofilehksdM0\\search.json.mozlz4", (void 0)))
1629645874169	Marionette	INFO	Listening on port 49223
1629645874405	RemoteAgent	WARN	TLS certificate errors will be ignored for this session
1629645889933	Marionette	INFO	Stopped listening on port 49223
JavaScript error: resource:///modules/Interactions.jsm, line 209: NS_ERROR_FAILURE: Component returned failure code: 0x80004005 (NS_ERROR_FAILURE) [nsIUserIdleService.removeIdleObserver]
1629646027968	geckodriver	INFO	Listening on 127.0.0.1:62447
1629646030984	mozrunner::runner	INFO	Running command: "C:\\Program Files\\Mozilla Firefox\\firefox.exe" "--marionette" "-foreground" "-no-remote" "-profile" "C:\\Users\\rpic\\AppData\\Local\\Temp\\rust_mozprofileujKyLZ"
1629646032109	Marionette	INFO	Marionette enabled
console.warn: SearchSettings: "get: No settings file exists, new profile?" (new NotFoundError("Could not open the file at C:\\Users\\rpic\\AppData\\Local\\Temp\\rust_mozprofileujKyLZ\\search.json.mozlz4", (void 0)))
1629646038833	Marionette	INFO	Listening on port 62457
1629646038992	RemoteAgent	WARN	TLS certificate errors will be ignored for this session
1629646054874	Marionette	INFO	Stopped listening on port 62457
JavaScript error: resource:///modules/Interactions.jsm, line 209: NS_ERROR_FAILURE: Component returned failure code: 0x80004005 (NS_ERROR_FAILURE) [nsIUserIdleService.removeIdleObserver]
1629646359503	geckodriver	INFO	Listening on 127.0.0.1:59193
1629646362466	mozrunner::runner	INFO	Running command: "C:\\Program Files\\Mozilla Firefox\\firefox.exe" "--marionette" "-foreground" "-no-remote" "-profile" "C:\\Users\\rpic\\AppData\\Local\\Temp\\rust_mozprofiles7Te4h"
1629646363404	Marionette	INFO	Marionette enabled
console.warn: SearchSettings: "get: No settings file exists, new profile?" (new NotFoundError("Could not open the file at C:\\Users\\rpic\\AppData\\Local\\Temp\\rust_mozprofiles7Te4h\\search.json.mozlz4", (void 0)))
1629646370111	Marionette	INFO	Listening on port 59203
1629646370302	RemoteAgent	WARN	TLS certificate errors will be ignored for this session
1629646385109	Marionette	INFO	Stopped listening on port 59203
JavaScript error: resource:///modules/Interactions.jsm, line 209: NS_ERROR_FAILURE: Component returned failure code: 0x80004005 (NS_ERROR_FAILURE) [nsIUserIdleService.removeIdleObserver]
1629648477347	geckodriver	INFO	Listening on 127.0.0.1:62251
1629648480325	mozrunner::runner	INFO	Running command: "C:\\Program Files\\Mozilla Firefox\\firefox.exe" "--marionette" "-foreground" "-no-remote" "-profile" "C:\\Users\\rpic\\AppData\\Local\\Temp\\rust_mozprofilew1O6i3"
1629648481258	Marionette	INFO	Marionette enabled
console.warn: SearchSettings: "get: No settings file exists, new profile?" (new NotFoundError("Could not open the file at C:\\Users\\rpic\\AppData\\Local\\Temp\\rust_mozprofilew1O6i3\\search.json.mozlz4", (void 0)))
1629648487577	Marionette	INFO	Listening on port 62262
1629648487835	RemoteAgent	WARN	TLS certificate errors will be ignored for this session
1629648503190	Marionette	INFO	Stopped listening on port 62262
JavaScript error: resource:///modules/Interactions.jsm, line 209: NS_ERROR_FAILURE: Component returned failure code: 0x80004005 (NS_ERROR_FAILURE) [nsIUserIdleService.removeIdleObserver]
1629648701832	geckodriver	INFO	Listening on 127.0.0.1:62377
1629648704862	mozrunner::runner	INFO	Running command: "C:\\Program Files\\Mozilla Firefox\\firefox.exe" "--marionette" "-foreground" "-no-remote" "-profile" "C:\\Users\\rpic\\AppData\\Local\\Temp\\rust_mozprofileQ3u9Dx"
1629648706547	Marionette	INFO	Marionette enabled
console.warn: SearchSettings: "get: No settings file exists, new profile?" (new NotFoundError("Could not open the file at C:\\Users\\rpic\\AppData\\Local\\Temp\\rust_mozprofileQ3u9Dx\\search.json.mozlz4", (void 0)))
1629648713729	Marionette	INFO	Listening on port 62387
1629648714036	RemoteAgent	WARN	TLS certificate errors will be ignored for this session
1629648729522	Marionette	INFO	Stopped listening on port 62387
JavaScript error: resource:///modules/Interactions.jsm, line 209: NS_ERROR_FAILURE: Component returned failure code: 0x80004005 (NS_ERROR_FAILURE) [nsIUserIdleService.removeIdleObserver]

###!!! [Parent][MessageChannel] Error: (msgtype=0x390076,name=PContent::Msg_DestroyBrowsingContextGroup) Closed channel: cannot send/recv

1629648833862	geckodriver	INFO	Listening on 127.0.0.1:52204
1629648836916	mozrunner::runner	INFO	Running command: "C:\\Program Files\\Mozilla Firefox\\firefox.exe" "--marionette" "-foreground" "-no-remote" "-profile" "C:\\Users\\rpic\\AppData\\Local\\Temp\\rust_mozprofiledOVaUj"
1629648838616	Marionette	INFO	Marionette enabled
console.warn: SearchSettings: "get: No settings file exists, new profile?" (new NotFoundError("Could not open the file at C:\\Users\\rpic\\AppData\\Local\\Temp\\rust_mozprofiledOVaUj\\search.json.mozlz4", (void 0)))
1629648845169	Marionette	INFO	Listening on port 52214
1629648845459	RemoteAgent	WARN	TLS certificate errors will be ignored for this session
1629648860316	Marionette	INFO	Stopped listening on port 52214
JavaScript error: resource:///modules/Interactions.jsm, line 209: NS_ERROR_FAILURE: Component returned failure code: 0x80004005 (NS_ERROR_FAILURE) [nsIUserIdleService.removeIdleObserver]
1629649071428	geckodriver	INFO	Listening on 127.0.0.1:64501
1629649074458	mozrunner::runner	INFO	Running command: "C:\\Program Files\\Mozilla Firefox\\firefox.exe" "--marionette" "-foreground" "-no-remote" "-profile" "C:\\Users\\rpic\\AppData\\Local\\Temp\\rust_mozprofileXggNwb"
1629649075855	Marionette	INFO	Marionette enabled
console.warn: SearchSettings: "get: No settings file exists, new profile?" (new NotFoundError("Could not open the file at C:\\Users\\rpic\\AppData\\Local\\Temp\\rust_mozprofileXggNwb\\search.json.mozlz4", (void 0)))
1629649081980	Marionette	INFO	Listening on port 64511
1629649082459	RemoteAgent	WARN	TLS certificate errors will be ignored for this session
1629649097078	Marionette	INFO	Stopped listening on port 64511
JavaScript error: resource:///modules/Interactions.jsm, line 209: NS_ERROR_FAILURE: Component returned failure code: 0x80004005 (NS_ERROR_FAILURE) [nsIUserIdleService.removeIdleObserver]

###!!! [Child][MessageChannel] Error: (msgtype=0x390140,name=PContent::Msg_ScriptError) Channel closing: too late to send/recv, messages will be lost


###!!! [Child][RunMessage] Error: Channel closing: too late to send/recv, messages will be lost


###!!! [Child][RunMessage] Error: Channel closing: too late to send/recv, messages will be lost

1629649306328	geckodriver	INFO	Listening on 127.0.0.1:63546
1629649309374	mozrunner::runner	INFO	Running command: "C:\\Program Files\\Mozilla Firefox\\firefox.exe" "--marionette" "-foreground" "-no-remote" "-profile" "C:\\Users\\rpic\\AppData\\Local\\Temp\\rust_mozprofile2x0nSv"
1629649310532	Marionette	INFO	Marionette enabled
console.warn: SearchSettings: "get: No settings file exists, new profile?" (new NotFoundError("Could not open the file at C:\\Users\\rpic\\AppData\\Local\\Temp\\rust_mozprofile2x0nSv\\search.json.mozlz4", (void 0)))
1629649316487	Marionette	INFO	Listening on port 63556
1629649316876	RemoteAgent	WARN	TLS certificate errors will be ignored for this session
1629649331308	Marionette	INFO	Stopped listening on port 63556
JavaScript error: resource:///modules/Interactions.jsm, line 209: NS_ERROR_FAILURE: Component returned failure code: 0x80004005 (NS_ERROR_FAILURE) [nsIUserIdleService.removeIdleObserver]
1629649469480	geckodriver	INFO	Listening on 127.0.0.1:63662
1629649472502	mozrunner::runner	INFO	Running command: "C:\\Program Files\\Mozilla Firefox\\firefox.exe" "--marionette" "-foreground" "-no-remote" "-profile" "C:\\Users\\rpic\\AppData\\Local\\Temp\\rust_mozprofileEcC9a5"
1629649473567	Marionette	INFO	Marionette enabled
console.warn: SearchSettings: "get: No settings file exists, new profile?" (new NotFoundError("Could not open the file at C:\\Users\\rpic\\AppData\\Local\\Temp\\rust_mozprofileEcC9a5\\search.json.mozlz4", (void 0)))
1629649480948	Marionette	INFO	Listening on port 63672
1629649481337	RemoteAgent	WARN	TLS certificate errors will be ignored for this session
1629649496283	Marionette	INFO	Stopped listening on port 63672
JavaScript error: resource:///modules/Interactions.jsm, line 209: NS_ERROR_FAILURE: Component returned failure code: 0x80004005 (NS_ERROR_FAILURE) [nsIUserIdleService.removeIdleObserver]

###!!! [Child][RunMessage] Error: Channel closing: too late to send/recv, messages will be lost

1629649910257	geckodriver	INFO	Listening on 127.0.0.1:54776
1629649913300	mozrunner::runner	INFO	Running command: "C:\\Program Files\\Mozilla Firefox\\firefox.exe" "--marionette" "-foreground" "-no-remote" "-profile" "C:\\Users\\rpic\\AppData\\Local\\Temp\\rust_mozprofileqtEmEQ"
1629649914646	Marionette	INFO	Marionette enabled
console.warn: SearchSettings: "get: No settings file exists, new profile?" (new NotFoundError("Could not open the file at C:\\Users\\rpic\\AppData\\Local\\Temp\\rust_mozprofileqtEmEQ\\search.json.mozlz4", (void 0)))
1629649922436	Marionette	INFO	Listening on port 54788
1629649922676	RemoteAgent	WARN	TLS certificate errors will be ignored for this session
1629649937682	Marionette	INFO	Stopped listening on port 54788
JavaScript error: resource:///modules/Interactions.jsm, line 209: NS_ERROR_FAILURE: Component returned failure code: 0x80004005 (NS_ERROR_FAILURE) [nsIUserIdleService.removeIdleObserver]
1629650993054	geckodriver	INFO	Listening on 127.0.0.1:50073
1629650996093	mozrunner::runner	INFO	Running command: "C:\\Program Files\\Mozilla Firefox\\firefox.exe" "--marionette" "-foreground" "-no-remote" "-profile" "C:\\Users\\rpic\\AppData\\Local\\Temp\\rust_mozprofileQVko8H"
1629650997018	Marionette	INFO	Marionette enabled
console.warn: SearchSettings: "get: No settings file exists, new profile?" (new NotFoundError("Could not open the file at C:\\Users\\rpic\\AppData\\Local\\Temp\\rust_mozprofileQVko8H\\search.json.mozlz4", (void 0)))
1629651003769	Marionette	INFO	Listening on port 50085
1629651004337	RemoteAgent	WARN	TLS certificate errors will be ignored for this session
1629651019096	Marionette	INFO	Stopped listening on port 50085
JavaScript error: resource:///modules/Interactions.jsm, line 209: NS_ERROR_FAILURE: Component returned failure code: 0x80004005 (NS_ERROR_FAILURE) [nsIUserIdleService.removeIdleObserver]
1629651446305	geckodriver	INFO	Listening on 127.0.0.1:63137
1629651449337	mozrunner::runner	INFO	Running command: "C:\\Program Files\\Mozilla Firefox\\firefox.exe" "--marionette" "-foreground" "-no-remote" "-profile" "C:\\Users\\rpic\\AppData\\Local\\Temp\\rust_mozprofileLXvDUH"
1629651450279	Marionette	INFO	Marionette enabled
console.warn: SearchSettings: "get: No settings file exists, new profile?" (new NotFoundError("Could not open the file at C:\\Users\\rpic\\AppData\\Local\\Temp\\rust_mozprofileLXvDUH\\search.json.mozlz4", (void 0)))
1629651457060	Marionette	INFO	Listening on port 63147
1629651457354	RemoteAgent	WARN	TLS certificate errors will be ignored for this session
1629651472180	Marionette	INFO	Stopped listening on port 63147
JavaScript error: resource:///modules/Interactions.jsm, line 209: NS_ERROR_FAILURE: Component returned failure code: 0x80004005 (NS_ERROR_FAILURE) [nsIUserIdleService.removeIdleObserver]
1629657351709	geckodriver	INFO	Listening on 127.0.0.1:59921
1629657354703	mozrunner::runner	INFO	Running command: "C:\\Program Files\\Mozilla Firefox\\firefox.exe" "--marionette" "-foreground" "-no-remote" "-profile" "C:\\Users\\rpic\\AppData\\Local\\Temp\\rust_mozprofile17FvMa"
1629657356382	Marionette	INFO	Marionette enabled
console.warn: SearchSettings: "get: No settings file exists, new profile?" (new NotFoundError("Could not open the file at C:\\Users\\rpic\\AppData\\Local\\Temp\\rust_mozprofile17FvMa\\search.json.mozlz4", (void 0)))
1629657365076	Marionette	INFO	Listening on port 59934
1629657365290	RemoteAgent	WARN	TLS certificate errors will be ignored for this session
1629657380439	Marionette	INFO	Stopped listening on port 59934
JavaScript error: resource:///modules/Interactions.jsm, line 209: NS_ERROR_FAILURE: Component returned failure code: 0x80004005 (NS_ERROR_FAILURE) [nsIUserIdleService.removeIdleObserver]
1629658617916	geckodriver	INFO	Listening on 127.0.0.1:59044
1629658620963	mozrunner::runner	INFO	Running command: "C:\\Program Files\\Mozilla Firefox\\firefox.exe" "--marionette" "-foreground" "-no-remote" "-profile" "C:\\Users\\rpic\\AppData\\Local\\Temp\\rust_mozprofileZkeY5O"
1629658622879	Marionette	INFO	Marionette enabled
console.warn: SearchSettings: "get: No settings file exists, new profile?" (new NotFoundError("Could not open the file at C:\\Users\\rpic\\AppData\\Local\\Temp\\rust_mozprofileZkeY5O\\search.json.mozlz4", (void 0)))
1629658635927	Marionette	INFO	Listening on port 59055
1629658636367	RemoteAgent	WARN	TLS certificate errors will be ignored for this session
1629658651453	Marionette	INFO	Stopped listening on port 59055
JavaScript error: resource:///modules/Interactions.jsm, line 209: NS_ERROR_FAILURE: Component returned failure code: 0x80004005 (NS_ERROR_FAILURE) [nsIUserIdleService.removeIdleObserver]
1629658894250	geckodriver	INFO	Listening on 127.0.0.1:50622
1629658897284	mozrunner::runner	INFO	Running command: "C:\\Program Files\\Mozilla Firefox\\firefox.exe" "--marionette" "-foreground" "-no-remote" "-profile" "C:\\Users\\rpic\\AppData\\Local\\Temp\\rust_mozprofile7qS1Yi"
1629658898277	Marionette	INFO	Marionette enabled
console.warn: SearchSettings: "get: No settings file exists, new profile?" (new NotFoundError("Could not open the file at C:\\Users\\rpic\\AppData\\Local\\Temp\\rust_mozprofile7qS1Yi\\search.json.mozlz4", (void 0)))
1629658905118	Marionette	INFO	Listening on port 50633
1629658905328	RemoteAgent	WARN	TLS certificate errors will be ignored for this session
1629658920979	Marionette	INFO	Stopped listening on port 50633
[Parent 17628, IPC I/O Parent] WARNING: file /builds/worker/checkouts/gecko/ipc/chromium/src/base/process_util_win.cc:167
JavaScript error: resource:///modules/Interactions.jsm, line 209: NS_ERROR_FAILURE: Component returned failure code: 0x80004005 (NS_ERROR_FAILURE) [nsIUserIdleService.removeIdleObserver]
1629658977330	geckodriver	INFO	Listening on 127.0.0.1:50766
1629658980356	mozrunner::runner	INFO	Running command: "C:\\Program Files\\Mozilla Firefox\\firefox.exe" "--marionette" "-foreground" "-no-remote" "-profile" "C:\\Users\\rpic\\AppData\\Local\\Temp\\rust_mozprofileJu0fFk"
1629658981498	Marionette	INFO	Marionette enabled
console.warn: SearchSettings: "get: No settings file exists, new profile?" (new NotFoundError("Could not open the file at C:\\Users\\rpic\\AppData\\Local\\Temp\\rust_mozprofileJu0fFk\\search.json.mozlz4", (void 0)))
1629658993384	Marionette	INFO	Listening on port 50781
1629658994309	RemoteAgent	WARN	TLS certificate errors will be ignored for this session
1629659014170	Marionette	INFO	Stopped listening on port 50781
JavaScript error: resource:///modules/Interactions.jsm, line 209: NS_ERROR_FAILURE: Component returned failure code: 0x80004005 (NS_ERROR_FAILURE) [nsIUserIdleService.removeIdleObserver]
1629659261320	geckodriver	INFO	Listening on 127.0.0.1:56016
1629659264336	mozrunner::runner	INFO	Running command: "C:\\Program Files\\Mozilla Firefox\\firefox.exe" "--marionette" "-foreground" "-no-remote" "-profile" "C:\\Users\\rpic\\AppData\\Local\\Temp\\rust_mozprofileHXKLzG"
1629659265324	Marionette	INFO	Marionette enabled
console.warn: SearchSettings: "get: No settings file exists, new profile?" (new NotFoundError("Could not open the file at C:\\Users\\rpic\\AppData\\Local\\Temp\\rust_mozprofileHXKLzG\\search.json.mozlz4", (void 0)))
1629659273321	Marionette	INFO	Listening on port 56027
1629659274051	RemoteAgent	WARN	TLS certificate errors will be ignored for this session
1629659288852	Marionette	INFO	Stopped listening on port 56027
JavaScript error: resource:///modules/Interactions.jsm, line 209: NS_ERROR_FAILURE: Component returned failure code: 0x80004005 (NS_ERROR_FAILURE) [nsIUserIdleService.removeIdleObserver]
1629659618884	geckodriver	INFO	Listening on 127.0.0.1:52207
1629659621891	mozrunner::runner	INFO	Running command: "C:\\Program Files\\Mozilla Firefox\\firefox.exe" "--marionette" "-foreground" "-no-remote" "-profile" "C:\\Users\\rpic\\AppData\\Local\\Temp\\rust_mozprofilefm251L"
1629659623206	Marionette	INFO	Marionette enabled
console.warn: SearchSettings: "get: No settings file exists, new profile?" (new NotFoundError("Could not open the file at C:\\Users\\rpic\\AppData\\Local\\Temp\\rust_mozprofilefm251L\\search.json.mozlz4", (void 0)))
1629659631502	Marionette	INFO	Listening on port 53457
1629659631702	RemoteAgent	WARN	TLS certificate errors will be ignored for this session
1629659646893	Marionette	INFO	Stopped listening on port 53457
JavaScript error: resource:///modules/Interactions.jsm, line 209: NS_ERROR_FAILURE: Component returned failure code: 0x80004005 (NS_ERROR_FAILURE) [nsIUserIdleService.removeIdleObserver]
